<?xml version="1.0" encoding="utf-8"?><testsuites name="pytest tests"><testsuite name="pytest" errors="0" failures="0" skipped="0" tests="21" time="45.831" timestamp="2026-04-28T00:30:11.958612+00:00" hostname="agent-env-a39613f4-f347-45ad-a0d5-3bd9e17c788c"><testcase classname="backend.tests.test_translator_api.TestTranslateText" name="test_root" time="0.250" /><testcase classname="backend.tests.test_translator_api.TestTranslateText" name="test_en_to_ne" time="1.314" /><testcase classname="backend.tests.test_translator_api.TestTranslateText" name="test_ne_to_en" time="0.611" /><testcase classname="backend.tests.test_translator_api.TestTranslateText" name="test_same_language_returns_unchanged" time="0.204" /><testcase classname="backend.tests.test_translator_api.TestTranslateText" name="test_invalid_lang_code" time="0.125" /><testcase classname="backend.tests.test_translator_api.TestTranslateText" name="test_empty_text_returns_422" time="0.172" /><testcase classname="backend.tests.test_translator_api.TestTranslateImage" name="test_image_english_to_nepali" time="6.858" /><testcase classname="backend.tests.test_translator_api.TestTranslateImage" name="test_invalid_base64" time="0.125" /><testcase classname="backend.tests.test_translator_api.TestTranslateImage" name="test_unsupported_mime" time="0.146" /><testcase classname="backend.tests.test_translator_api.TestTranslateImage" name="test_image_bill_returns_summary_and_actions" time="4.939" /><testcase classname="backend.tests.test_translator_api.TestTranslateImage" name="test_image_simple_text_summary_optional_actions" time="4.512" /><testcase classname="backend.tests.test_translator_api.TestTranslateImage" name="test_image_pure_noise_returns_polite_message" time="1.529" /><testcase classname="backend.tests.test_translator_api.TestTranslateImage" name="test_image_bill_returns_calendar_event" time="6.063" /><testcase classname="backend.tests.test_translator_api.TestTranslateImage" name="test_image_appointment_returns_timed_event" time="6.132" /><testcase classname="backend.tests.test_translator_api.TestTranslateImage" name="test_image_no_actionable_returns_empty_events" time="4.933" /><testcase classname="backend.tests.test_translator_api.TestTranslateImage" name="test_image_relative_dates_returns_empty_events" time="4.940" /><testcase classname="backend.tests.test_translator_api.TestTranscribeAudio" name="test_transcribe_english_phrase" time="0.950" /><testcase classname="backend.tests.test_translator_api.TestTranscribeAudio" name="test_transcribe_invalid_base64" time="0.145" /><testcase classname="backend.tests.test_translator_api.TestTranscribeAudio" name="test_transcribe_too_short" time="0.124" /><testcase classname="backend.tests.test_translator_api.TestTranscribeAudio" name="test_transcribe_oversized" time="1.573" /><testcase classname="backend.tests.test_translator_api.TestTranscribeAudio" name="test_transcribe_missing_field_returns_422" time="0.120" /></testsuite></testsuites>