<?xml version="1.0" encoding="utf-8"?><testsuites name="pytest tests"><testsuite name="pytest" errors="0" failures="2" skipped="0" tests="17" time="21.430" timestamp="2026-04-27T23:06:54.996629+00:00" hostname="agent-env-a39613f4-f347-45ad-a0d5-3bd9e17c788c"><testcase classname="backend.tests.test_translator_api.TestTranslateText" name="test_root" time="0.226" /><testcase classname="backend.tests.test_translator_api.TestTranslateText" name="test_en_to_ne" time="0.500"><failure message="AssertionError: {&quot;detail&quot;:&quot;Translation failed: Failed to generate chat completion: litellm.BadRequestError: OpenAIException - Budget has been exceeded! Current cost: 1.0255062499999998, Max budget: 1.001&quot;}&#10;assert 500 == 200&#10; +  where 500 = &lt;Response [500]&gt;.status_code">backend/tests/test_translator_api.py:21: in test_en_to_ne
    assert r.status_code == 200, r.text
E   AssertionError: {"detail":"Translation failed: Failed to generate chat completion: litellm.BadRequestError: OpenAIException - Budget has been exceeded! Current cost: 1.0255062499999998, Max budget: 1.001"}
E   assert 500 == 200
E    +  where 500 = &lt;Response [500]&gt;.status_code</failure></testcase><testcase classname="backend.tests.test_translator_api.TestTranslateText" name="test_ne_to_en" time="1.073" /><testcase classname="backend.tests.test_translator_api.TestTranslateText" name="test_same_language_returns_unchanged" time="0.141" /><testcase classname="backend.tests.test_translator_api.TestTranslateText" name="test_invalid_lang_code" time="0.172" /><testcase classname="backend.tests.test_translator_api.TestTranslateText" name="test_empty_text_returns_422" time="0.116" /><testcase classname="backend.tests.test_translator_api.TestTranslateImage" name="test_image_english_to_nepali" time="5.022" /><testcase classname="backend.tests.test_translator_api.TestTranslateImage" name="test_invalid_base64" time="0.176" /><testcase classname="backend.tests.test_translator_api.TestTranslateImage" name="test_unsupported_mime" time="0.109" /><testcase classname="backend.tests.test_translator_api.TestTranslateImage" name="test_image_bill_returns_summary_and_actions" time="4.354"><failure message="AssertionError: summary empty: {'extracted_text': 'WATER BILL\nAmount Due: $50.00\nDue Date: Dec 15 2026\nXYZ Water Co.', 'translated_text': 'पानीको बिल\nतिर्नुपर्ने रकम: $५०.००\nतिर्ने अन्तिम मिति: डिसेम्बर १५, २०२६\nXYZ पानी कम्पनी', 'detected_lang': 'en', 'target_lang': 'ne', 'summary': '', 'spoken_message': 'पानीको बिल\nतिर्नुपर्ने रकम: $५०.००\nतिर्ने अन्तिम मिति: डिसेम्बर १५, २०२६\nXYZ पानी कम्पनी', 'action_items': []}&#10;assert ''">backend/tests/test_translator_api.py:212: in test_image_bill_returns_summary_and_actions
    assert summary, f"summary empty: {data}"
E   AssertionError: summary empty: {'extracted_text': 'WATER BILL\nAmount Due: $50.00\nDue Date: Dec 15 2026\nXYZ Water Co.', 'translated_text': 'पानीको बिल\nतिर्नुपर्ने रकम: $५०.००\nतिर्ने अन्तिम मिति: डिसेम्बर १५, २०२६\nXYZ पानी कम्पनी', 'detected_lang': 'en', 'target_lang': 'ne', 'summary': '', 'spoken_message': 'पानीको बिल\nतिर्नुपर्ने रकम: $५०.००\nतिर्ने अन्तिम मिति: डिसेम्बर १५, २०२६\nXYZ पानी कम्पनी', 'action_items': []}
E   assert ''</failure></testcase><testcase classname="backend.tests.test_translator_api.TestTranslateImage" name="test_image_simple_text_summary_optional_actions" time="4.666" /><testcase classname="backend.tests.test_translator_api.TestTranslateImage" name="test_image_pure_noise_returns_polite_message" time="1.559" /><testcase classname="backend.tests.test_translator_api.TestTranscribeAudio" name="test_transcribe_english_phrase" time="1.171" /><testcase classname="backend.tests.test_translator_api.TestTranscribeAudio" name="test_transcribe_invalid_base64" time="0.098" /><testcase classname="backend.tests.test_translator_api.TestTranscribeAudio" name="test_transcribe_too_short" time="0.156" /><testcase classname="backend.tests.test_translator_api.TestTranscribeAudio" name="test_transcribe_oversized" time="1.702" /><testcase classname="backend.tests.test_translator_api.TestTranscribeAudio" name="test_transcribe_missing_field_returns_422" time="0.109" /></testsuite></testsuites>